[0.406s] Invoking command in '/home/pixbus/pix/robobus/HMI/web_video_ws/build/usb_cam': CMAKE_PREFIX_PATH=${CMAKE_PREFIX_PATH}:/opt/ros/humble /usr/bin/cmake /home/pixbus/pix/robobus/HMI/web_video_ws/src/usb_cam -DCMAKE_BUILD_TYPE=Release -DAMENT_CMAKE_SYMLINK_INSTALL=1 -DCMAKE_INSTALL_PREFIX=/home/pixbus/pix/robobus/HMI/web_video_ws/install/usb_cam
[0.461s] -- The C compiler identification is GNU 11.4.0
[0.523s] -- The CXX compiler identification is GNU 11.4.0
[0.533s] -- Detecting C compiler ABI info
[0.593s] -- Detecting C compiler ABI info - done
[0.604s] -- Check for working C compiler: /usr/lib/ccache/gcc - skipped
[0.604s] -- Detecting C compile features
[0.605s] -- Detecting C compile features - done
[0.608s] -- Detecting CXX compiler ABI info
[0.678s] -- Detecting CXX compiler ABI info - done
[0.689s] -- Check for working CXX compiler: /usr/lib/ccache/g++ - skipped
[0.689s] -- Detecting CXX compile features
[0.690s] -- Detecting CXX compile features - done
[0.692s] -- Found ament_cmake_auto: 1.3.9 (/opt/ros/humble/share/ament_cmake_auto/cmake)
[0.856s] -- Found Python3: /usr/bin/python3 (found version "3.10.12") found components: Interpreter 
[0.921s] -- Override CMake install command with custom implementation using symlinks instead of copying resources
[1.082s] -- Found rosidl_generator_c: 3.1.5 (/opt/ros/humble/share/rosidl_generator_c/cmake)
[1.088s] -- Found rosidl_adapter: 3.1.5 (/opt/ros/humble/share/rosidl_adapter/cmake)
[1.098s] -- Found rosidl_generator_cpp: 3.1.5 (/opt/ros/humble/share/rosidl_generator_cpp/cmake)
[1.113s] -- Using all available rosidl_typesupport_c: rosidl_typesupport_fastrtps_c;rosidl_typesupport_introspection_c
[1.136s] -- Using all available rosidl_typesupport_cpp: rosidl_typesupport_fastrtps_cpp;rosidl_typesupport_introspection_cpp
[1.216s] -- Found rmw_implementation_cmake: 6.1.2 (/opt/ros/humble/share/rmw_implementation_cmake/cmake)
[1.218s] -- Found rmw_cyclonedds_cpp: 1.3.4 (/opt/ros/humble/share/rmw_cyclonedds_cpp/cmake)
[1.255s] -- Using RMW implementation 'rmw_cyclonedds_cpp' as default
[1.267s] -- Looking for pthread.h
[1.358s] -- Looking for pthread.h - found
[1.359s] -- Performing Test CMAKE_HAVE_LIBC_PTHREAD
[1.453s] -- Performing Test CMAKE_HAVE_LIBC_PTHREAD - Success
[1.454s] -- Found Threads: TRUE  
[2.020s] -- Found OpenCV: /usr (found version "4.5.4") 
[2.024s] -- Found PkgConfig: /usr/bin/pkg-config (found version "0.29.2") 
[2.025s] -- Checking for module 'libavcodec'
[2.038s] --   Found libavcodec, version 58.134.100
[2.072s] -- Checking for module 'libavutil'
[2.087s] --   Found libavutil, version 56.70.100
[2.170s] -- Checking for module 'libswscale'
[2.182s] --   Found libswscale, version 5.9.100
[2.245s] -- Found ament_lint_auto: 0.12.11 (/opt/ros/humble/share/ament_lint_auto/cmake)
[2.273s] -- Found gtest sources under '/opt/ros/humble/src/gtest_vendor': C++ tests using 'Google Test' will be built
[2.288s] -- Added test 'copyright' to check source files copyright and LICENSE
[2.294s] -- Added test 'cppcheck' to perform static code analysis on C / C++ code
[2.295s] -- Configured cppcheck include dirs: /home/pixbus/pix/robobus/HMI/web_video_ws/src/usb_cam/include
[2.295s] -- Configured cppcheck exclude dirs and/or files: 
[2.301s] -- Added test 'cpplint' to check C / C++ code against the Google style
[2.301s] -- Configured cpplint exclude dirs and/or files: 
[2.302s] -- Added test 'flake8' to check Python code syntax and style conventions
[2.305s] -- Added test 'lint_cmake' to check CMake code style
[2.306s] -- Added test 'pep257' to check Python code against some of the docstring style conventions in PEP 257
[2.313s] -- Added test 'uncrustify' to check C / C++ code style
[2.313s] -- Configured uncrustify additional arguments: 
[2.314s] -- Added test 'xmllint' to check XML markup files
[2.319s] -- Configuring done
[2.365s] -- Generating done
[2.369s] -- Build files have been written to: /home/pixbus/pix/robobus/HMI/web_video_ws/build/usb_cam
[2.380s] Invoked command in '/home/pixbus/pix/robobus/HMI/web_video_ws/build/usb_cam' returned '0': CMAKE_PREFIX_PATH=${CMAKE_PREFIX_PATH}:/opt/ros/humble /usr/bin/cmake /home/pixbus/pix/robobus/HMI/web_video_ws/src/usb_cam -DCMAKE_BUILD_TYPE=Release -DAMENT_CMAKE_SYMLINK_INSTALL=1 -DCMAKE_INSTALL_PREFIX=/home/pixbus/pix/robobus/HMI/web_video_ws/install/usb_cam
[2.382s] Invoking command in '/home/pixbus/pix/robobus/HMI/web_video_ws/build/usb_cam': CMAKE_PREFIX_PATH=${CMAKE_PREFIX_PATH}:/opt/ros/humble /usr/bin/cmake --build /home/pixbus/pix/robobus/HMI/web_video_ws/build/usb_cam -- -j16 -l16
[2.437s] [ 28%] [32mBuilding CXX object CMakeFiles/usb_cam_node_exe.dir/rclcpp_components/node_main_usb_cam_node_exe.cpp.o[0m
[2.437s] [ 28%] [32mBuilding CXX object gtest/CMakeFiles/gtest.dir/src/gtest-all.cc.o[0m
[2.438s] [ 28%] [32mBuilding CXX object gtest/CMakeFiles/gtest_main.dir/src/gtest_main.cc.o[0m
[2.438s] [ 28%] [32mBuilding CXX object CMakeFiles/usb_cam.dir/src/usb_cam.cpp.o[0m
[3.635s] [ 35%] [32m[1mLinking CXX static library libgtest_main.a[0m
[3.670s] [ 35%] Built target gtest_main
[5.451s] [ 42%] [32m[1mLinking CXX shared library libusb_cam.so[0m
[5.658s] [ 42%] Built target usb_cam
[5.681s] [ 50%] [32mBuilding CXX object CMakeFiles/usb_cam_node.dir/src/ros2/usb_cam_node.cpp.o[0m
[6.406s] [ 57%] [32m[1mLinking CXX executable usb_cam_node_exe[0m
[6.513s] [ 57%] Built target usb_cam_node_exe
[10.244s] [ 64%] [32m[1mLinking CXX static library libgtest.a[0m
[10.285s] [ 64%] Built target gtest
[10.306s] [ 78%] [32mBuilding CXX object CMakeFiles/test_usb_cam_utils.dir/test/test_usb_cam_utils.cpp.o[0m
[10.306s] [ 78%] [32mBuilding CXX object CMakeFiles/test_pixel_formats.dir/test/test_pixel_formats.cpp.o[0m
[12.099s] [ 85%] [32m[1mLinking CXX executable test_usb_cam_utils[0m
[12.225s] [ 85%] Built target test_usb_cam_utils
[12.393s] [ 92%] [32m[1mLinking CXX executable test_pixel_formats[0m
[12.504s] [ 92%] Built target test_pixel_formats
[15.730s] [100%] [32m[1mLinking CXX shared library libusb_cam_node.so[0m
[15.926s] [100%] Built target usb_cam_node
[15.938s] Invoked command in '/home/pixbus/pix/robobus/HMI/web_video_ws/build/usb_cam' returned '0': CMAKE_PREFIX_PATH=${CMAKE_PREFIX_PATH}:/opt/ros/humble /usr/bin/cmake --build /home/pixbus/pix/robobus/HMI/web_video_ws/build/usb_cam -- -j16 -l16
[15.979s] Invoking command in '/home/pixbus/pix/robobus/HMI/web_video_ws/build/usb_cam': CMAKE_PREFIX_PATH=${CMAKE_PREFIX_PATH}:/opt/ros/humble /usr/bin/cmake --install /home/pixbus/pix/robobus/HMI/web_video_ws/build/usb_cam
[15.986s] -- Install configuration: "Release"
[15.987s] -- Execute custom install script
[15.987s] -- Symlinking: /home/pixbus/pix/robobus/HMI/web_video_ws/install/usb_cam/share/usb_cam/environment/library_path.sh
[15.996s] -- Symlinking: /home/pixbus/pix/robobus/HMI/web_video_ws/install/usb_cam/share/usb_cam/environment/library_path.dsv
[16.004s] -- Symlinking: /home/pixbus/pix/robobus/HMI/web_video_ws/install/usb_cam/lib/usb_cam/usb_cam_node_exe
[16.013s] -- Symlinking: /home/pixbus/pix/robobus/HMI/web_video_ws/install/usb_cam/lib/usb_cam/show_image.py
[16.022s] -- Symlinking: /home/pixbus/pix/robobus/HMI/web_video_ws/install/usb_cam/lib/libusb_cam.so
[16.031s] -- Symlinking: /home/pixbus/pix/robobus/HMI/web_video_ws/install/usb_cam/lib/libusb_cam_node.so
[16.040s] -- Symlinking: /home/pixbus/pix/robobus/HMI/web_video_ws/install/usb_cam/include/usb_cam/constants.hpp
[16.048s] -- Symlinking: /home/pixbus/pix/robobus/HMI/web_video_ws/install/usb_cam/include/usb_cam/conversions.hpp
[16.057s] -- Symlinking: /home/pixbus/pix/robobus/HMI/web_video_ws/install/usb_cam/include/usb_cam/formats/av_pixel_format_helper.hpp
[16.066s] -- Symlinking: /home/pixbus/pix/robobus/HMI/web_video_ws/install/usb_cam/include/usb_cam/formats/m420.hpp
[16.075s] -- Symlinking: /home/pixbus/pix/robobus/HMI/web_video_ws/install/usb_cam/include/usb_cam/formats/mjpeg.hpp
[16.084s] -- Symlinking: /home/pixbus/pix/robobus/HMI/web_video_ws/install/usb_cam/include/usb_cam/formats/mono.hpp
[16.092s] -- Symlinking: /home/pixbus/pix/robobus/HMI/web_video_ws/install/usb_cam/include/usb_cam/formats/pixel_format_base.hpp
[16.101s] -- Symlinking: /home/pixbus/pix/robobus/HMI/web_video_ws/install/usb_cam/include/usb_cam/formats/rgb.hpp
[16.110s] -- Symlinking: /home/pixbus/pix/robobus/HMI/web_video_ws/install/usb_cam/include/usb_cam/formats/utils.hpp
[16.119s] -- Symlinking: /home/pixbus/pix/robobus/HMI/web_video_ws/install/usb_cam/include/usb_cam/formats/uyvy.hpp
[16.128s] -- Symlinking: /home/pixbus/pix/robobus/HMI/web_video_ws/install/usb_cam/include/usb_cam/formats/yuyv.hpp
[16.137s] -- Symlinking: /home/pixbus/pix/robobus/HMI/web_video_ws/install/usb_cam/include/usb_cam/usb_cam.hpp
[16.146s] -- Symlinking: /home/pixbus/pix/robobus/HMI/web_video_ws/install/usb_cam/include/usb_cam/usb_cam_node.hpp
[16.154s] -- Symlinking: /home/pixbus/pix/robobus/HMI/web_video_ws/install/usb_cam/include/usb_cam/utils.hpp
[16.164s] -- Up-to-date symlink: /home/pixbus/pix/robobus/HMI/web_video_ws/install/usb_cam/lib/libusb_cam_node.so
[16.164s] -- Symlinking: /home/pixbus/pix/robobus/HMI/web_video_ws/install/usb_cam/share/usb_cam/launch/__init__.py
[16.173s] -- Symlinking: /home/pixbus/pix/robobus/HMI/web_video_ws/install/usb_cam/share/usb_cam/launch/__pycache__/camera_config.cpython-310.pyc
[16.181s] -- Symlinking: /home/pixbus/pix/robobus/HMI/web_video_ws/install/usb_cam/share/usb_cam/launch/camera.launch.py
[16.190s] -- Symlinking: /home/pixbus/pix/robobus/HMI/web_video_ws/install/usb_cam/share/usb_cam/launch/camera_config.py
[16.199s] -- Symlinking: /home/pixbus/pix/robobus/HMI/web_video_ws/install/usb_cam/share/usb_cam/config/camera_info.yaml
[16.208s] -- Symlinking: /home/pixbus/pix/robobus/HMI/web_video_ws/install/usb_cam/share/usb_cam/config/params_1.yaml
[16.216s] -- Symlinking: /home/pixbus/pix/robobus/HMI/web_video_ws/install/usb_cam/share/usb_cam/config/params_2.yaml
[16.226s] -- Symlinking: /home/pixbus/pix/robobus/HMI/web_video_ws/install/usb_cam/share/ament_index/resource_index/package_run_dependencies/usb_cam
[16.235s] -- Symlinking: /home/pixbus/pix/robobus/HMI/web_video_ws/install/usb_cam/share/ament_index/resource_index/parent_prefix_path/usb_cam
[16.243s] -- Symlinking: /home/pixbus/pix/robobus/HMI/web_video_ws/install/usb_cam/share/usb_cam/environment/ament_prefix_path.sh
[16.252s] -- Symlinking: /home/pixbus/pix/robobus/HMI/web_video_ws/install/usb_cam/share/usb_cam/environment/ament_prefix_path.dsv
[16.261s] -- Symlinking: /home/pixbus/pix/robobus/HMI/web_video_ws/install/usb_cam/share/usb_cam/environment/path.sh
[16.269s] -- Symlinking: /home/pixbus/pix/robobus/HMI/web_video_ws/install/usb_cam/share/usb_cam/environment/path.dsv
[16.278s] -- Symlinking: /home/pixbus/pix/robobus/HMI/web_video_ws/install/usb_cam/share/usb_cam/local_setup.bash
[16.287s] -- Symlinking: /home/pixbus/pix/robobus/HMI/web_video_ws/install/usb_cam/share/usb_cam/local_setup.sh
[16.296s] -- Symlinking: /home/pixbus/pix/robobus/HMI/web_video_ws/install/usb_cam/share/usb_cam/local_setup.zsh
[16.305s] -- Symlinking: /home/pixbus/pix/robobus/HMI/web_video_ws/install/usb_cam/share/usb_cam/local_setup.dsv
[16.314s] -- Symlinking: /home/pixbus/pix/robobus/HMI/web_video_ws/install/usb_cam/share/usb_cam/package.dsv
[16.324s] -- Symlinking: /home/pixbus/pix/robobus/HMI/web_video_ws/install/usb_cam/share/ament_index/resource_index/packages/usb_cam
[16.333s] -- Symlinking: /home/pixbus/pix/robobus/HMI/web_video_ws/install/usb_cam/share/ament_index/resource_index/rclcpp_components/usb_cam
[16.342s] -- Symlinking: /home/pixbus/pix/robobus/HMI/web_video_ws/install/usb_cam/share/usb_cam/cmake/ament_cmake_export_libraries-extras.cmake
[16.352s] -- Symlinking: /home/pixbus/pix/robobus/HMI/web_video_ws/install/usb_cam/share/usb_cam/cmake/ament_cmake_export_dependencies-extras.cmake
[16.360s] -- Symlinking: /home/pixbus/pix/robobus/HMI/web_video_ws/install/usb_cam/share/usb_cam/cmake/ament_cmake_export_include_directories-extras.cmake
[16.369s] -- Symlinking: /home/pixbus/pix/robobus/HMI/web_video_ws/install/usb_cam/share/usb_cam/cmake/usb_camConfig.cmake
[16.378s] -- Symlinking: /home/pixbus/pix/robobus/HMI/web_video_ws/install/usb_cam/share/usb_cam/cmake/usb_camConfig-version.cmake
[16.387s] -- Symlinking: /home/pixbus/pix/robobus/HMI/web_video_ws/install/usb_cam/share/usb_cam/package.xml
[16.398s] Invoked command in '/home/pixbus/pix/robobus/HMI/web_video_ws/build/usb_cam' returned '0': CMAKE_PREFIX_PATH=${CMAKE_PREFIX_PATH}:/opt/ros/humble /usr/bin/cmake --install /home/pixbus/pix/robobus/HMI/web_video_ws/build/usb_cam
