[0.125s] DEBUG:colcon:Command line arguments: ['/usr/bin/colcon', 'build', '--symlink-install', '--cmake-args', '-DCMAKE_BUILD_TYPE=Release']
[0.125s] DEBUG:colcon:Parsed command line arguments: Namespace(log_base=None, log_level=None, verb_name='build', build_base='build', install_base='install', merge_install=False, symlink_install=True, test_result_base=None, continue_on_error=False, executor='parallel', parallel_workers=16, event_handlers=None, ignore_user_meta=False, metas=['./colcon.meta'], base_paths=['.'], packages_ignore=None, packages_ignore_regex=None, paths=None, packages_up_to=None, packages_up_to_regex=None, packages_above=None, packages_above_and_dependencies=None, packages_above_depth=None, packages_select_by_dep=None, packages_skip_by_dep=None, packages_skip_up_to=None, packages_select_build_failed=False, packages_skip_build_finished=False, packages_select_test_failures=False, packages_skip_test_passed=False, packages_select=None, packages_skip=None, packages_select_regex=None, packages_skip_regex=None, packages_start=None, packages_end=None, allow_overriding=[], cmake_args=['-DCMAKE_BUILD_TYPE=Release'], cmake_target=None, cmake_target_skip_unavailable=False, cmake_clean_cache=False, cmake_clean_first=False, cmake_force_configure=False, ament_cmake_args=None, catkin_cmake_args=None, catkin_skip_building_tests=False, mixin_files=None, mixin=None, verb_parser=<colcon_mixin.mixin.mixin_argument.MixinArgumentDecorator object at 0x7a978969d840>, verb_extension=<colcon_core.verb.build.BuildVerb object at 0x7a978969d2d0>, main=<bound method BuildVerb.main of <colcon_core.verb.build.BuildVerb object at 0x7a978969d2d0>>, mixin_verb=('build',))
[0.418s] Level 1:colcon.colcon_core.package_discovery:discover_packages(colcon_meta) check parameters
[0.418s] Level 1:colcon.colcon_core.package_discovery:discover_packages(recursive) check parameters
[0.418s] Level 1:colcon.colcon_core.package_discovery:discover_packages(ignore) check parameters
[0.418s] Level 1:colcon.colcon_core.package_discovery:discover_packages(path) check parameters
[0.418s] Level 1:colcon.colcon_core.package_discovery:discover_packages(colcon_meta) discover
[0.418s] Level 1:colcon.colcon_core.package_discovery:discover_packages(recursive) discover
[0.418s] INFO:colcon.colcon_core.package_discovery:Crawling recursively for packages in '/home/pixbus/pix/robobus/HMI/web_video_ws'
[0.418s] Level 1:colcon.colcon_core.package_identification:_identify(.) by extensions ['ignore', 'ignore_ament_install']
[0.418s] Level 1:colcon.colcon_core.package_identification:_identify(.) by extension 'ignore'
[0.418s] Level 1:colcon.colcon_core.package_identification:_identify(.) by extension 'ignore_ament_install'
[0.418s] Level 1:colcon.colcon_core.package_identification:_identify(.) by extensions ['colcon_pkg']
[0.418s] Level 1:colcon.colcon_core.package_identification:_identify(.) by extension 'colcon_pkg'
[0.418s] Level 1:colcon.colcon_core.package_identification:_identify(.) by extensions ['colcon_meta']
[0.418s] Level 1:colcon.colcon_core.package_identification:_identify(.) by extension 'colcon_meta'
[0.418s] Level 1:colcon.colcon_core.package_identification:_identify(.) by extensions ['ros']
[0.418s] Level 1:colcon.colcon_core.package_identification:_identify(.) by extension 'ros'
[0.429s] Level 1:colcon.colcon_core.package_identification:_identify(.) by extensions ['cmake', 'python']
[0.429s] Level 1:colcon.colcon_core.package_identification:_identify(.) by extension 'cmake'
[0.429s] Level 1:colcon.colcon_core.package_identification:_identify(.) by extension 'python'
[0.429s] Level 1:colcon.colcon_core.package_identification:_identify(.) by extensions ['python_setup_py']
[0.429s] Level 1:colcon.colcon_core.package_identification:_identify(.) by extension 'python_setup_py'
[0.430s] Level 1:colcon.colcon_core.package_identification:_identify(build) by extensions ['ignore', 'ignore_ament_install']
[0.430s] Level 1:colcon.colcon_core.package_identification:_identify(build) by extension 'ignore'
[0.430s] Level 1:colcon.colcon_core.package_identification:_identify(build) ignored
[0.430s] Level 1:colcon.colcon_core.package_identification:_identify(install) by extensions ['ignore', 'ignore_ament_install']
[0.430s] Level 1:colcon.colcon_core.package_identification:_identify(install) by extension 'ignore'
[0.430s] Level 1:colcon.colcon_core.package_identification:_identify(install) ignored
[0.430s] Level 1:colcon.colcon_core.package_identification:_identify(log) by extensions ['ignore', 'ignore_ament_install']
[0.430s] Level 1:colcon.colcon_core.package_identification:_identify(log) by extension 'ignore'
[0.430s] Level 1:colcon.colcon_core.package_identification:_identify(log) ignored
[0.430s] Level 1:colcon.colcon_core.package_identification:_identify(src) by extensions ['ignore', 'ignore_ament_install']
[0.430s] Level 1:colcon.colcon_core.package_identification:_identify(src) by extension 'ignore'
[0.430s] Level 1:colcon.colcon_core.package_identification:_identify(src) by extension 'ignore_ament_install'
[0.431s] Level 1:colcon.colcon_core.package_identification:_identify(src) by extensions ['colcon_pkg']
[0.431s] Level 1:colcon.colcon_core.package_identification:_identify(src) by extension 'colcon_pkg'
[0.431s] Level 1:colcon.colcon_core.package_identification:_identify(src) by extensions ['colcon_meta']
[0.431s] Level 1:colcon.colcon_core.package_identification:_identify(src) by extension 'colcon_meta'
[0.431s] Level 1:colcon.colcon_core.package_identification:_identify(src) by extensions ['ros']
[0.431s] Level 1:colcon.colcon_core.package_identification:_identify(src) by extension 'ros'
[0.431s] Level 1:colcon.colcon_core.package_identification:_identify(src) by extensions ['cmake', 'python']
[0.431s] Level 1:colcon.colcon_core.package_identification:_identify(src) by extension 'cmake'
[0.431s] Level 1:colcon.colcon_core.package_identification:_identify(src) by extension 'python'
[0.431s] Level 1:colcon.colcon_core.package_identification:_identify(src) by extensions ['python_setup_py']
[0.431s] Level 1:colcon.colcon_core.package_identification:_identify(src) by extension 'python_setup_py'
[0.431s] Level 1:colcon.colcon_core.package_identification:_identify(src/combined_launch) by extensions ['ignore', 'ignore_ament_install']
[0.431s] Level 1:colcon.colcon_core.package_identification:_identify(src/combined_launch) by extension 'ignore'
[0.431s] Level 1:colcon.colcon_core.package_identification:_identify(src/combined_launch) by extension 'ignore_ament_install'
[0.431s] Level 1:colcon.colcon_core.package_identification:_identify(src/combined_launch) by extensions ['colcon_pkg']
[0.431s] Level 1:colcon.colcon_core.package_identification:_identify(src/combined_launch) by extension 'colcon_pkg'
[0.431s] Level 1:colcon.colcon_core.package_identification:_identify(src/combined_launch) by extensions ['colcon_meta']
[0.431s] Level 1:colcon.colcon_core.package_identification:_identify(src/combined_launch) by extension 'colcon_meta'
[0.431s] Level 1:colcon.colcon_core.package_identification:_identify(src/combined_launch) by extensions ['ros']
[0.431s] Level 1:colcon.colcon_core.package_identification:_identify(src/combined_launch) by extension 'ros'
[0.432s] DEBUG:colcon.colcon_core.package_identification:Failed to parse potential ROS package manifest in'src/combined_launch': Error(s) in package 'src/combined_launch/package.xml':
The manifest contains invalid XML:
junk after document element: line 2, column 0
[0.432s] Level 1:colcon.colcon_core.package_identification:_identify(src/combined_launch) by extensions ['cmake', 'python']
[0.432s] Level 1:colcon.colcon_core.package_identification:_identify(src/combined_launch) by extension 'cmake'
[0.432s] Level 1:colcon.colcon_core.package_identification:_identify(src/combined_launch) by extension 'python'
[0.432s] Level 1:colcon.colcon_core.package_identification:_identify(src/combined_launch) by extensions ['python_setup_py']
[0.433s] Level 1:colcon.colcon_core.package_identification:_identify(src/combined_launch) by extension 'python_setup_py'
[0.803s] DEBUG:colcon.colcon_core.package_identification:Package 'src/combined_launch' with type 'python' and name 'combined_launch'
[0.803s] Level 1:colcon.colcon_core.package_identification:_identify(src/usb_cam) by extensions ['ignore', 'ignore_ament_install']
[0.803s] Level 1:colcon.colcon_core.package_identification:_identify(src/usb_cam) by extension 'ignore'
[0.804s] Level 1:colcon.colcon_core.package_identification:_identify(src/usb_cam) by extension 'ignore_ament_install'
[0.804s] Level 1:colcon.colcon_core.package_identification:_identify(src/usb_cam) by extensions ['colcon_pkg']
[0.804s] Level 1:colcon.colcon_core.package_identification:_identify(src/usb_cam) by extension 'colcon_pkg'
[0.804s] Level 1:colcon.colcon_core.package_identification:_identify(src/usb_cam) by extensions ['colcon_meta']
[0.804s] Level 1:colcon.colcon_core.package_identification:_identify(src/usb_cam) by extension 'colcon_meta'
[0.804s] Level 1:colcon.colcon_core.package_identification:_identify(src/usb_cam) by extensions ['ros']
[0.804s] Level 1:colcon.colcon_core.package_identification:_identify(src/usb_cam) by extension 'ros'
[0.813s] DEBUG:colcon.colcon_core.package_identification:Package 'src/usb_cam' with type 'ros.ament_cmake' and name 'usb_cam'
[0.813s] Level 1:colcon.colcon_core.package_identification:_identify(src/web_video_server_ros2) by extensions ['ignore', 'ignore_ament_install']
[0.813s] Level 1:colcon.colcon_core.package_identification:_identify(src/web_video_server_ros2) by extension 'ignore'
[0.813s] Level 1:colcon.colcon_core.package_identification:_identify(src/web_video_server_ros2) by extension 'ignore_ament_install'
[0.813s] Level 1:colcon.colcon_core.package_identification:_identify(src/web_video_server_ros2) by extensions ['colcon_pkg']
[0.813s] Level 1:colcon.colcon_core.package_identification:_identify(src/web_video_server_ros2) by extension 'colcon_pkg'
[0.813s] Level 1:colcon.colcon_core.package_identification:_identify(src/web_video_server_ros2) by extensions ['colcon_meta']
[0.813s] Level 1:colcon.colcon_core.package_identification:_identify(src/web_video_server_ros2) by extension 'colcon_meta'
[0.813s] Level 1:colcon.colcon_core.package_identification:_identify(src/web_video_server_ros2) by extensions ['ros']
[0.813s] Level 1:colcon.colcon_core.package_identification:_identify(src/web_video_server_ros2) by extension 'ros'
[0.814s] DEBUG:colcon.colcon_core.package_identification:Package 'src/web_video_server_ros2' with type 'ros.ament_cmake' and name 'web_video_server'
[0.814s] Level 1:colcon.colcon_core.package_discovery:discover_packages(recursive) using defaults
[0.814s] Level 1:colcon.colcon_core.package_discovery:discover_packages(ignore) discover
[0.814s] Level 1:colcon.colcon_core.package_discovery:discover_packages(ignore) using defaults
[0.814s] Level 1:colcon.colcon_core.package_discovery:discover_packages(path) discover
[0.814s] Level 1:colcon.colcon_core.package_discovery:discover_packages(path) using defaults
[0.837s] Level 1:colcon.colcon_core.package_discovery:discover_packages(prefix_path) check parameters
[0.837s] Level 1:colcon.colcon_core.package_discovery:discover_packages(prefix_path) discover
[0.838s] WARNING:colcon.colcon_ros.prefix_path.ament:The path '/home/pixbus/pix/robobus/HMI/web_video_ws/install/usb_cam' in the environment variable AMENT_PREFIX_PATH doesn't exist
[0.838s] WARNING:colcon.colcon_ros.prefix_path.ament:The path '/home/pixbus/pix/robobus/HMI/web_video_ws/install/web_video_server' in the environment variable AMENT_PREFIX_PATH doesn't exist
[0.838s] WARNING:colcon.colcon_ros.prefix_path.catkin:The path '/home/pixbus/pix/robobus/HMI/web_video_ws/install/usb_cam' in the environment variable CMAKE_PREFIX_PATH doesn't exist
[0.838s] WARNING:colcon.colcon_ros.prefix_path.catkin:The path '/home/pixbus/pix/robobus/HMI/web_video_ws/install/web_video_server' in the environment variable CMAKE_PREFIX_PATH doesn't exist
[0.839s] DEBUG:colcon.colcon_installed_package_information.package_discovery:Found 0 installed packages in /home/pixbus/pix/robobus/HMI/web_video_ws/install
[0.839s] DEBUG:colcon.colcon_installed_package_information.package_discovery:Found 1 installed packages in /home/pixbus/pix/robobus/HMI/test_ws/install
[0.841s] DEBUG:colcon.colcon_installed_package_information.package_discovery:Found 379 installed packages in /opt/ros/humble
[0.844s] Level 1:colcon.colcon_core.package_discovery:discover_packages(prefix_path) using defaults
[0.894s] Level 5:colcon.colcon_core.verb:set package 'combined_launch' build argument 'cmake_args' from command line to '['-DCMAKE_BUILD_TYPE=Release']'
[0.894s] Level 5:colcon.colcon_core.verb:set package 'combined_launch' build argument 'cmake_target' from command line to 'None'
[0.894s] Level 5:colcon.colcon_core.verb:set package 'combined_launch' build argument 'cmake_target_skip_unavailable' from command line to 'False'
[0.894s] Level 5:colcon.colcon_core.verb:set package 'combined_launch' build argument 'cmake_clean_cache' from command line to 'False'
[0.894s] Level 5:colcon.colcon_core.verb:set package 'combined_launch' build argument 'cmake_clean_first' from command line to 'False'
[0.894s] Level 5:colcon.colcon_core.verb:set package 'combined_launch' build argument 'cmake_force_configure' from command line to 'False'
[0.894s] Level 5:colcon.colcon_core.verb:set package 'combined_launch' build argument 'ament_cmake_args' from command line to 'None'
[0.894s] Level 5:colcon.colcon_core.verb:set package 'combined_launch' build argument 'catkin_cmake_args' from command line to 'None'
[0.894s] Level 5:colcon.colcon_core.verb:set package 'combined_launch' build argument 'catkin_skip_building_tests' from command line to 'False'
[0.894s] DEBUG:colcon.colcon_core.verb:Building package 'combined_launch' with the following arguments: {'ament_cmake_args': None, 'build_base': '/home/pixbus/pix/robobus/HMI/web_video_ws/build/combined_launch', 'catkin_cmake_args': None, 'catkin_skip_building_tests': False, 'cmake_args': ['-DCMAKE_BUILD_TYPE=Release'], 'cmake_clean_cache': False, 'cmake_clean_first': False, 'cmake_force_configure': False, 'cmake_target': None, 'cmake_target_skip_unavailable': False, 'install_base': '/home/pixbus/pix/robobus/HMI/web_video_ws/install/combined_launch', 'merge_install': False, 'path': '/home/pixbus/pix/robobus/HMI/web_video_ws/src/combined_launch', 'symlink_install': True, 'test_result_base': None}
[0.894s] Level 5:colcon.colcon_core.verb:set package 'usb_cam' build argument 'cmake_args' from command line to '['-DCMAKE_BUILD_TYPE=Release']'
[0.894s] Level 5:colcon.colcon_core.verb:set package 'usb_cam' build argument 'cmake_target' from command line to 'None'
[0.894s] Level 5:colcon.colcon_core.verb:set package 'usb_cam' build argument 'cmake_target_skip_unavailable' from command line to 'False'
[0.894s] Level 5:colcon.colcon_core.verb:set package 'usb_cam' build argument 'cmake_clean_cache' from command line to 'False'
[0.894s] Level 5:colcon.colcon_core.verb:set package 'usb_cam' build argument 'cmake_clean_first' from command line to 'False'
[0.894s] Level 5:colcon.colcon_core.verb:set package 'usb_cam' build argument 'cmake_force_configure' from command line to 'False'
[0.894s] Level 5:colcon.colcon_core.verb:set package 'usb_cam' build argument 'ament_cmake_args' from command line to 'None'
[0.895s] Level 5:colcon.colcon_core.verb:set package 'usb_cam' build argument 'catkin_cmake_args' from command line to 'None'
[0.895s] Level 5:colcon.colcon_core.verb:set package 'usb_cam' build argument 'catkin_skip_building_tests' from command line to 'False'
[0.895s] DEBUG:colcon.colcon_core.verb:Building package 'usb_cam' with the following arguments: {'ament_cmake_args': None, 'build_base': '/home/pixbus/pix/robobus/HMI/web_video_ws/build/usb_cam', 'catkin_cmake_args': None, 'catkin_skip_building_tests': False, 'cmake_args': ['-DCMAKE_BUILD_TYPE=Release'], 'cmake_clean_cache': False, 'cmake_clean_first': False, 'cmake_force_configure': False, 'cmake_target': None, 'cmake_target_skip_unavailable': False, 'install_base': '/home/pixbus/pix/robobus/HMI/web_video_ws/install/usb_cam', 'merge_install': False, 'path': '/home/pixbus/pix/robobus/HMI/web_video_ws/src/usb_cam', 'symlink_install': True, 'test_result_base': None}
[0.895s] Level 5:colcon.colcon_core.verb:set package 'web_video_server' build argument 'cmake_args' from command line to '['-DCMAKE_BUILD_TYPE=Release']'
[0.895s] Level 5:colcon.colcon_core.verb:set package 'web_video_server' build argument 'cmake_target' from command line to 'None'
[0.895s] Level 5:colcon.colcon_core.verb:set package 'web_video_server' build argument 'cmake_target_skip_unavailable' from command line to 'False'
[0.895s] Level 5:colcon.colcon_core.verb:set package 'web_video_server' build argument 'cmake_clean_cache' from command line to 'False'
[0.895s] Level 5:colcon.colcon_core.verb:set package 'web_video_server' build argument 'cmake_clean_first' from command line to 'False'
[0.895s] Level 5:colcon.colcon_core.verb:set package 'web_video_server' build argument 'cmake_force_configure' from command line to 'False'
[0.895s] Level 5:colcon.colcon_core.verb:set package 'web_video_server' build argument 'ament_cmake_args' from command line to 'None'
[0.895s] Level 5:colcon.colcon_core.verb:set package 'web_video_server' build argument 'catkin_cmake_args' from command line to 'None'
[0.895s] Level 5:colcon.colcon_core.verb:set package 'web_video_server' build argument 'catkin_skip_building_tests' from command line to 'False'
[0.895s] DEBUG:colcon.colcon_core.verb:Building package 'web_video_server' with the following arguments: {'ament_cmake_args': None, 'build_base': '/home/pixbus/pix/robobus/HMI/web_video_ws/build/web_video_server', 'catkin_cmake_args': None, 'catkin_skip_building_tests': False, 'cmake_args': ['-DCMAKE_BUILD_TYPE=Release'], 'cmake_clean_cache': False, 'cmake_clean_first': False, 'cmake_force_configure': False, 'cmake_target': None, 'cmake_target_skip_unavailable': False, 'install_base': '/home/pixbus/pix/robobus/HMI/web_video_ws/install/web_video_server', 'merge_install': False, 'path': '/home/pixbus/pix/robobus/HMI/web_video_ws/src/web_video_server_ros2', 'symlink_install': True, 'test_result_base': None}
[0.895s] INFO:colcon.colcon_core.executor:Executing jobs using 'parallel' executor
[0.896s] DEBUG:colcon.colcon_parallel_executor.executor.parallel:run_until_complete
[0.896s] INFO:colcon.colcon_core.task.python.build:Building Python package in '/home/pixbus/pix/robobus/HMI/web_video_ws/src/combined_launch'
[0.899s] INFO:colcon.colcon_core.plugin_system:Skipping extension 'colcon_core.shell.bat': Not used on non-Windows systems
[0.899s] INFO:colcon.colcon_core.shell:Skip shell extension 'powershell' for command environment: Not usable outside of PowerShell
[0.899s] DEBUG:colcon.colcon_core.shell:Skip shell extension 'dsv' for command environment
[0.903s] INFO:colcon.colcon_ros.task.ament_cmake.build:Building ROS package in '/home/pixbus/pix/robobus/HMI/web_video_ws/src/usb_cam' with build type 'ament_cmake'
[0.903s] INFO:colcon.colcon_cmake.task.cmake.build:Building CMake package in '/home/pixbus/pix/robobus/HMI/web_video_ws/src/usb_cam'
[0.903s] INFO:colcon.colcon_core.shell:Skip shell extension 'powershell' for command environment: Not usable outside of PowerShell
[0.903s] DEBUG:colcon.colcon_core.shell:Skip shell extension 'dsv' for command environment
[0.907s] INFO:colcon.colcon_ros.task.ament_cmake.build:Building ROS package in '/home/pixbus/pix/robobus/HMI/web_video_ws/src/web_video_server_ros2' with build type 'ament_cmake'
[0.907s] INFO:colcon.colcon_cmake.task.cmake.build:Building CMake package in '/home/pixbus/pix/robobus/HMI/web_video_ws/src/web_video_server_ros2'
[0.907s] INFO:colcon.colcon_core.shell:Skip shell extension 'powershell' for command environment: Not usable outside of PowerShell
[0.907s] DEBUG:colcon.colcon_core.shell:Skip shell extension 'dsv' for command environment
[1.310s] DEBUG:colcon.colcon_core.event_handler.log_command:Invoking command in '/home/pixbus/pix/robobus/HMI/web_video_ws/build/usb_cam': CMAKE_PREFIX_PATH=${CMAKE_PREFIX_PATH}:/opt/ros/humble /usr/bin/cmake /home/pixbus/pix/robobus/HMI/web_video_ws/src/usb_cam -DCMAKE_BUILD_TYPE=Release -DAMENT_CMAKE_SYMLINK_INSTALL=1 -DCMAKE_INSTALL_PREFIX=/home/pixbus/pix/robobus/HMI/web_video_ws/install/usb_cam
[1.313s] DEBUG:colcon.colcon_core.event_handler.log_command:Invoking command in '/home/pixbus/pix/robobus/HMI/web_video_ws/build/web_video_server': CMAKE_PREFIX_PATH=${CMAKE_PREFIX_PATH}:/opt/ros/humble /usr/bin/cmake /home/pixbus/pix/robobus/HMI/web_video_ws/src/web_video_server_ros2 -DCMAKE_BUILD_TYPE=Release -DAMENT_CMAKE_SYMLINK_INSTALL=1 -DCMAKE_INSTALL_PREFIX=/home/pixbus/pix/robobus/HMI/web_video_ws/install/web_video_server
[1.802s] DEBUG:colcon.colcon_core.event_handler.log_command:Invoking command in '/home/pixbus/pix/robobus/HMI/web_video_ws/build/combined_launch': PYTHONPATH=/home/pixbus/pix/robobus/HMI/web_video_ws/build/combined_launch/prefix_override:/usr/lib/python3/dist-packages/colcon_core/task/python/colcon_distutils_commands:/home/pixbus/pix/robobus/HMI/web_video_ws/install/combined_launch/lib/python3.10/site-packages:${PYTHONPATH} /usr/bin/python3 -W ignore:setup.py install is deprecated setup.py develop --editable --build-directory /home/pixbus/pix/robobus/HMI/web_video_ws/build/combined_launch/build --no-deps
[2.525s] Level 1:colcon.colcon_core.shell:create_environment_hook('combined_launch', 'pythonpath_develop')
[2.526s] INFO:colcon.colcon_core.shell:Creating environment hook '/home/pixbus/pix/robobus/HMI/web_video_ws/build/combined_launch/share/combined_launch/hook/pythonpath_develop.ps1'
[2.526s] DEBUG:colcon.colcon_core.event_handler.log_command:Invoked command in '/home/pixbus/pix/robobus/HMI/web_video_ws/build/combined_launch' returned '0': PYTHONPATH=/home/pixbus/pix/robobus/HMI/web_video_ws/build/combined_launch/prefix_override:/usr/lib/python3/dist-packages/colcon_core/task/python/colcon_distutils_commands:/home/pixbus/pix/robobus/HMI/web_video_ws/install/combined_launch/lib/python3.10/site-packages:${PYTHONPATH} /usr/bin/python3 -W ignore:setup.py install is deprecated setup.py develop --editable --build-directory /home/pixbus/pix/robobus/HMI/web_video_ws/build/combined_launch/build --no-deps
[2.527s] INFO:colcon.colcon_core.shell:Creating environment descriptor '/home/pixbus/pix/robobus/HMI/web_video_ws/build/combined_launch/share/combined_launch/hook/pythonpath_develop.dsv'
[2.527s] INFO:colcon.colcon_core.shell:Creating environment hook '/home/pixbus/pix/robobus/HMI/web_video_ws/build/combined_launch/share/combined_launch/hook/pythonpath_develop.sh'
[2.530s] Level 1:colcon.colcon_core.environment:checking '/home/pixbus/pix/robobus/HMI/web_video_ws/install/combined_launch' for CMake module files
[2.530s] Level 1:colcon.colcon_core.environment:checking '/home/pixbus/pix/robobus/HMI/web_video_ws/install/combined_launch' for CMake config files
[2.530s] Level 1:colcon.colcon_core.environment:checking '/home/pixbus/pix/robobus/HMI/web_video_ws/install/combined_launch/lib'
[2.530s] Level 1:colcon.colcon_core.environment:checking '/home/pixbus/pix/robobus/HMI/web_video_ws/install/combined_launch/bin'
[2.531s] Level 1:colcon.colcon_core.environment:checking '/home/pixbus/pix/robobus/HMI/web_video_ws/install/combined_launch/lib/pkgconfig/combined_launch.pc'
[2.531s] Level 1:colcon.colcon_core.environment:checking '/home/pixbus/pix/robobus/HMI/web_video_ws/install/combined_launch/lib/python3.10/site-packages'
[2.531s] Level 1:colcon.colcon_core.shell:create_environment_hook('combined_launch', 'pythonpath')
[2.531s] INFO:colcon.colcon_core.shell:Creating environment hook '/home/pixbus/pix/robobus/HMI/web_video_ws/install/combined_launch/share/combined_launch/hook/pythonpath.ps1'
[2.531s] INFO:colcon.colcon_core.shell:Creating environment descriptor '/home/pixbus/pix/robobus/HMI/web_video_ws/install/combined_launch/share/combined_launch/hook/pythonpath.dsv'
[2.532s] INFO:colcon.colcon_core.shell:Creating environment hook '/home/pixbus/pix/robobus/HMI/web_video_ws/install/combined_launch/share/combined_launch/hook/pythonpath.sh'
[2.532s] Level 1:colcon.colcon_core.environment:checking '/home/pixbus/pix/robobus/HMI/web_video_ws/install/combined_launch/bin'
[2.532s] Level 1:colcon.colcon_core.environment:create_environment_scripts_only(combined_launch)
[2.533s] INFO:colcon.colcon_core.shell:Creating package script '/home/pixbus/pix/robobus/HMI/web_video_ws/install/combined_launch/share/combined_launch/package.ps1'
[2.534s] INFO:colcon.colcon_core.shell:Creating package descriptor '/home/pixbus/pix/robobus/HMI/web_video_ws/install/combined_launch/share/combined_launch/package.dsv'
[2.534s] INFO:colcon.colcon_core.shell:Creating package script '/home/pixbus/pix/robobus/HMI/web_video_ws/install/combined_launch/share/combined_launch/package.sh'
[2.535s] INFO:colcon.colcon_core.shell:Creating package script '/home/pixbus/pix/robobus/HMI/web_video_ws/install/combined_launch/share/combined_launch/package.bash'
[2.535s] INFO:colcon.colcon_core.shell:Creating package script '/home/pixbus/pix/robobus/HMI/web_video_ws/install/combined_launch/share/combined_launch/package.zsh'
[2.536s] Level 1:colcon.colcon_core.environment:create_file_with_runtime_dependencies(/home/pixbus/pix/robobus/HMI/web_video_ws/install/combined_launch/share/colcon-core/packages/combined_launch)
[3.026s] DEBUG:colcon.colcon_core.event_handler.log_command:Invoked command in '/home/pixbus/pix/robobus/HMI/web_video_ws/build/web_video_server' returned '0': CMAKE_PREFIX_PATH=${CMAKE_PREFIX_PATH}:/opt/ros/humble /usr/bin/cmake /home/pixbus/pix/robobus/HMI/web_video_ws/src/web_video_server_ros2 -DCMAKE_BUILD_TYPE=Release -DAMENT_CMAKE_SYMLINK_INSTALL=1 -DCMAKE_INSTALL_PREFIX=/home/pixbus/pix/robobus/HMI/web_video_ws/install/web_video_server
[3.028s] DEBUG:colcon.colcon_core.event_handler.log_command:Invoking command in '/home/pixbus/pix/robobus/HMI/web_video_ws/build/web_video_server': CMAKE_PREFIX_PATH=${CMAKE_PREFIX_PATH}:/opt/ros/humble /usr/bin/cmake --build /home/pixbus/pix/robobus/HMI/web_video_ws/build/web_video_server -- -j16 -l16
[3.284s] DEBUG:colcon.colcon_core.event_handler.log_command:Invoked command in '/home/pixbus/pix/robobus/HMI/web_video_ws/build/usb_cam' returned '0': CMAKE_PREFIX_PATH=${CMAKE_PREFIX_PATH}:/opt/ros/humble /usr/bin/cmake /home/pixbus/pix/robobus/HMI/web_video_ws/src/usb_cam -DCMAKE_BUILD_TYPE=Release -DAMENT_CMAKE_SYMLINK_INSTALL=1 -DCMAKE_INSTALL_PREFIX=/home/pixbus/pix/robobus/HMI/web_video_ws/install/usb_cam
[3.285s] DEBUG:colcon.colcon_core.event_handler.log_command:Invoking command in '/home/pixbus/pix/robobus/HMI/web_video_ws/build/usb_cam': CMAKE_PREFIX_PATH=${CMAKE_PREFIX_PATH}:/opt/ros/humble /usr/bin/cmake --build /home/pixbus/pix/robobus/HMI/web_video_ws/build/usb_cam -- -j16 -l16
[3.821s] DEBUG:colcon.colcon_core.event_handler.log_command:Invoked command in '/home/pixbus/pix/robobus/HMI/web_video_ws/build/web_video_server' returned '0': CMAKE_PREFIX_PATH=${CMAKE_PREFIX_PATH}:/opt/ros/humble /usr/bin/cmake --build /home/pixbus/pix/robobus/HMI/web_video_ws/build/web_video_server -- -j16 -l16
[3.882s] DEBUG:colcon.colcon_core.event_handler.log_command:Invoking command in '/home/pixbus/pix/robobus/HMI/web_video_ws/build/web_video_server': CMAKE_PREFIX_PATH=${CMAKE_PREFIX_PATH}:/opt/ros/humble /usr/bin/cmake --install /home/pixbus/pix/robobus/HMI/web_video_ws/build/web_video_server
[4.095s] Level 1:colcon.colcon_core.environment:create_environment_scripts_only(web_video_server)
[4.095s] Level 1:colcon.colcon_core.environment:checking '/home/pixbus/pix/robobus/HMI/web_video_ws/install/web_video_server' for CMake module files
[4.096s] DEBUG:colcon.colcon_core.event_handler.log_command:Invoked command in '/home/pixbus/pix/robobus/HMI/web_video_ws/build/web_video_server' returned '0': CMAKE_PREFIX_PATH=${CMAKE_PREFIX_PATH}:/opt/ros/humble /usr/bin/cmake --install /home/pixbus/pix/robobus/HMI/web_video_ws/build/web_video_server
[4.097s] Level 1:colcon.colcon_core.environment:checking '/home/pixbus/pix/robobus/HMI/web_video_ws/install/web_video_server' for CMake config files
[4.097s] Level 1:colcon.colcon_core.shell:create_environment_hook('web_video_server', 'cmake_prefix_path')
[4.098s] INFO:colcon.colcon_core.shell:Creating environment hook '/home/pixbus/pix/robobus/HMI/web_video_ws/install/web_video_server/share/web_video_server/hook/cmake_prefix_path.ps1'
[4.098s] INFO:colcon.colcon_core.shell:Creating environment descriptor '/home/pixbus/pix/robobus/HMI/web_video_ws/install/web_video_server/share/web_video_server/hook/cmake_prefix_path.dsv'
[4.099s] INFO:colcon.colcon_core.shell:Creating environment hook '/home/pixbus/pix/robobus/HMI/web_video_ws/install/web_video_server/share/web_video_server/hook/cmake_prefix_path.sh'
[4.099s] Level 1:colcon.colcon_core.environment:checking '/home/pixbus/pix/robobus/HMI/web_video_ws/install/web_video_server/lib'
[4.100s] Level 1:colcon.colcon_core.environment:checking '/home/pixbus/pix/robobus/HMI/web_video_ws/install/web_video_server/bin'
[4.100s] Level 1:colcon.colcon_core.environment:checking '/home/pixbus/pix/robobus/HMI/web_video_ws/install/web_video_server/lib/pkgconfig/web_video_server.pc'
[4.100s] Level 1:colcon.colcon_core.environment:checking '/home/pixbus/pix/robobus/HMI/web_video_ws/install/web_video_server/lib/python3.10/site-packages'
[4.100s] Level 1:colcon.colcon_core.environment:checking '/home/pixbus/pix/robobus/HMI/web_video_ws/install/web_video_server/bin'
[4.101s] INFO:colcon.colcon_core.shell:Creating package script '/home/pixbus/pix/robobus/HMI/web_video_ws/install/web_video_server/share/web_video_server/package.ps1'
[4.102s] INFO:colcon.colcon_core.shell:Creating package descriptor '/home/pixbus/pix/robobus/HMI/web_video_ws/install/web_video_server/share/web_video_server/package.dsv'
[4.102s] INFO:colcon.colcon_core.shell:Creating package script '/home/pixbus/pix/robobus/HMI/web_video_ws/install/web_video_server/share/web_video_server/package.sh'
[4.103s] INFO:colcon.colcon_core.shell:Creating package script '/home/pixbus/pix/robobus/HMI/web_video_ws/install/web_video_server/share/web_video_server/package.bash'
[4.103s] INFO:colcon.colcon_core.shell:Creating package script '/home/pixbus/pix/robobus/HMI/web_video_ws/install/web_video_server/share/web_video_server/package.zsh'
[4.104s] Level 1:colcon.colcon_core.environment:create_file_with_runtime_dependencies(/home/pixbus/pix/robobus/HMI/web_video_ws/install/web_video_server/share/colcon-core/packages/web_video_server)
[4.155s] Level 1:colcon.colcon_core.environment:create_environment_scripts_only(web_video_server)
[4.155s] Level 1:colcon.colcon_core.environment:checking '/home/pixbus/pix/robobus/HMI/web_video_ws/install/web_video_server' for CMake module files
[4.156s] Level 1:colcon.colcon_core.environment:checking '/home/pixbus/pix/robobus/HMI/web_video_ws/install/web_video_server' for CMake config files
[4.157s] Level 1:colcon.colcon_core.shell:create_environment_hook('web_video_server', 'cmake_prefix_path')
[4.157s] INFO:colcon.colcon_core.shell:Creating environment hook '/home/pixbus/pix/robobus/HMI/web_video_ws/install/web_video_server/share/web_video_server/hook/cmake_prefix_path.ps1'
[4.158s] INFO:colcon.colcon_core.shell:Creating environment descriptor '/home/pixbus/pix/robobus/HMI/web_video_ws/install/web_video_server/share/web_video_server/hook/cmake_prefix_path.dsv'
[4.158s] INFO:colcon.colcon_core.shell:Creating environment hook '/home/pixbus/pix/robobus/HMI/web_video_ws/install/web_video_server/share/web_video_server/hook/cmake_prefix_path.sh'
[4.159s] Level 1:colcon.colcon_core.environment:checking '/home/pixbus/pix/robobus/HMI/web_video_ws/install/web_video_server/lib'
[4.159s] Level 1:colcon.colcon_core.environment:checking '/home/pixbus/pix/robobus/HMI/web_video_ws/install/web_video_server/bin'
[4.159s] Level 1:colcon.colcon_core.environment:checking '/home/pixbus/pix/robobus/HMI/web_video_ws/install/web_video_server/lib/pkgconfig/web_video_server.pc'
[4.160s] Level 1:colcon.colcon_core.environment:checking '/home/pixbus/pix/robobus/HMI/web_video_ws/install/web_video_server/lib/python3.10/site-packages'
[4.160s] Level 1:colcon.colcon_core.environment:checking '/home/pixbus/pix/robobus/HMI/web_video_ws/install/web_video_server/bin'
[4.161s] INFO:colcon.colcon_core.shell:Creating package script '/home/pixbus/pix/robobus/HMI/web_video_ws/install/web_video_server/share/web_video_server/package.ps1'
[4.161s] INFO:colcon.colcon_core.shell:Creating package descriptor '/home/pixbus/pix/robobus/HMI/web_video_ws/install/web_video_server/share/web_video_server/package.dsv'
[4.162s] INFO:colcon.colcon_core.shell:Creating package script '/home/pixbus/pix/robobus/HMI/web_video_ws/install/web_video_server/share/web_video_server/package.sh'
[4.163s] INFO:colcon.colcon_core.shell:Creating package script '/home/pixbus/pix/robobus/HMI/web_video_ws/install/web_video_server/share/web_video_server/package.bash'
[4.163s] INFO:colcon.colcon_core.shell:Creating package script '/home/pixbus/pix/robobus/HMI/web_video_ws/install/web_video_server/share/web_video_server/package.zsh'
[4.164s] Level 1:colcon.colcon_core.environment:create_file_with_runtime_dependencies(/home/pixbus/pix/robobus/HMI/web_video_ws/install/web_video_server/share/colcon-core/packages/web_video_server)
[16.842s] DEBUG:colcon.colcon_core.event_handler.log_command:Invoked command in '/home/pixbus/pix/robobus/HMI/web_video_ws/build/usb_cam' returned '0': CMAKE_PREFIX_PATH=${CMAKE_PREFIX_PATH}:/opt/ros/humble /usr/bin/cmake --build /home/pixbus/pix/robobus/HMI/web_video_ws/build/usb_cam -- -j16 -l16
[16.882s] DEBUG:colcon.colcon_core.event_handler.log_command:Invoking command in '/home/pixbus/pix/robobus/HMI/web_video_ws/build/usb_cam': CMAKE_PREFIX_PATH=${CMAKE_PREFIX_PATH}:/opt/ros/humble /usr/bin/cmake --install /home/pixbus/pix/robobus/HMI/web_video_ws/build/usb_cam
[17.301s] Level 1:colcon.colcon_core.environment:create_environment_scripts_only(usb_cam)
[17.301s] Level 1:colcon.colcon_core.environment:checking '/home/pixbus/pix/robobus/HMI/web_video_ws/install/usb_cam' for CMake module files
[17.302s] DEBUG:colcon.colcon_core.event_handler.log_command:Invoked command in '/home/pixbus/pix/robobus/HMI/web_video_ws/build/usb_cam' returned '0': CMAKE_PREFIX_PATH=${CMAKE_PREFIX_PATH}:/opt/ros/humble /usr/bin/cmake --install /home/pixbus/pix/robobus/HMI/web_video_ws/build/usb_cam
[17.302s] Level 1:colcon.colcon_core.environment:checking '/home/pixbus/pix/robobus/HMI/web_video_ws/install/usb_cam' for CMake config files
[17.302s] Level 1:colcon.colcon_core.shell:create_environment_hook('usb_cam', 'cmake_prefix_path')
[17.303s] INFO:colcon.colcon_core.shell:Creating environment hook '/home/pixbus/pix/robobus/HMI/web_video_ws/install/usb_cam/share/usb_cam/hook/cmake_prefix_path.ps1'
[17.303s] INFO:colcon.colcon_core.shell:Creating environment descriptor '/home/pixbus/pix/robobus/HMI/web_video_ws/install/usb_cam/share/usb_cam/hook/cmake_prefix_path.dsv'
[17.303s] INFO:colcon.colcon_core.shell:Creating environment hook '/home/pixbus/pix/robobus/HMI/web_video_ws/install/usb_cam/share/usb_cam/hook/cmake_prefix_path.sh'
[17.304s] Level 1:colcon.colcon_core.environment:checking '/home/pixbus/pix/robobus/HMI/web_video_ws/install/usb_cam/lib'
[17.304s] Level 1:colcon.colcon_core.shell:create_environment_hook('usb_cam', 'ld_library_path_lib')
[17.304s] INFO:colcon.colcon_core.shell:Creating environment hook '/home/pixbus/pix/robobus/HMI/web_video_ws/install/usb_cam/share/usb_cam/hook/ld_library_path_lib.ps1'
[17.304s] INFO:colcon.colcon_core.shell:Creating environment descriptor '/home/pixbus/pix/robobus/HMI/web_video_ws/install/usb_cam/share/usb_cam/hook/ld_library_path_lib.dsv'
[17.305s] INFO:colcon.colcon_core.shell:Creating environment hook '/home/pixbus/pix/robobus/HMI/web_video_ws/install/usb_cam/share/usb_cam/hook/ld_library_path_lib.sh'
[17.305s] Level 1:colcon.colcon_core.environment:checking '/home/pixbus/pix/robobus/HMI/web_video_ws/install/usb_cam/bin'
[17.305s] Level 1:colcon.colcon_core.environment:checking '/home/pixbus/pix/robobus/HMI/web_video_ws/install/usb_cam/lib/pkgconfig/usb_cam.pc'
[17.305s] Level 1:colcon.colcon_core.environment:checking '/home/pixbus/pix/robobus/HMI/web_video_ws/install/usb_cam/lib/python3.10/site-packages'
[17.306s] Level 1:colcon.colcon_core.environment:checking '/home/pixbus/pix/robobus/HMI/web_video_ws/install/usb_cam/bin'
[17.306s] INFO:colcon.colcon_core.shell:Creating package script '/home/pixbus/pix/robobus/HMI/web_video_ws/install/usb_cam/share/usb_cam/package.ps1'
[17.306s] INFO:colcon.colcon_core.shell:Creating package descriptor '/home/pixbus/pix/robobus/HMI/web_video_ws/install/usb_cam/share/usb_cam/package.dsv'
[17.307s] INFO:colcon.colcon_core.shell:Creating package script '/home/pixbus/pix/robobus/HMI/web_video_ws/install/usb_cam/share/usb_cam/package.sh'
[17.307s] INFO:colcon.colcon_core.shell:Creating package script '/home/pixbus/pix/robobus/HMI/web_video_ws/install/usb_cam/share/usb_cam/package.bash'
[17.307s] INFO:colcon.colcon_core.shell:Creating package script '/home/pixbus/pix/robobus/HMI/web_video_ws/install/usb_cam/share/usb_cam/package.zsh'
[17.308s] Level 1:colcon.colcon_core.environment:create_file_with_runtime_dependencies(/home/pixbus/pix/robobus/HMI/web_video_ws/install/usb_cam/share/colcon-core/packages/usb_cam)
[17.348s] Level 1:colcon.colcon_core.environment:create_environment_scripts_only(usb_cam)
[17.349s] Level 1:colcon.colcon_core.environment:checking '/home/pixbus/pix/robobus/HMI/web_video_ws/install/usb_cam' for CMake module files
[17.349s] Level 1:colcon.colcon_core.environment:checking '/home/pixbus/pix/robobus/HMI/web_video_ws/install/usb_cam' for CMake config files
[17.349s] Level 1:colcon.colcon_core.shell:create_environment_hook('usb_cam', 'cmake_prefix_path')
[17.350s] INFO:colcon.colcon_core.shell:Creating environment hook '/home/pixbus/pix/robobus/HMI/web_video_ws/install/usb_cam/share/usb_cam/hook/cmake_prefix_path.ps1'
[17.350s] INFO:colcon.colcon_core.shell:Creating environment descriptor '/home/pixbus/pix/robobus/HMI/web_video_ws/install/usb_cam/share/usb_cam/hook/cmake_prefix_path.dsv'
[17.350s] INFO:colcon.colcon_core.shell:Creating environment hook '/home/pixbus/pix/robobus/HMI/web_video_ws/install/usb_cam/share/usb_cam/hook/cmake_prefix_path.sh'
[17.351s] Level 1:colcon.colcon_core.environment:checking '/home/pixbus/pix/robobus/HMI/web_video_ws/install/usb_cam/lib'
[17.351s] Level 1:colcon.colcon_core.shell:create_environment_hook('usb_cam', 'ld_library_path_lib')
[17.351s] INFO:colcon.colcon_core.shell:Creating environment hook '/home/pixbus/pix/robobus/HMI/web_video_ws/install/usb_cam/share/usb_cam/hook/ld_library_path_lib.ps1'
[17.351s] INFO:colcon.colcon_core.shell:Creating environment descriptor '/home/pixbus/pix/robobus/HMI/web_video_ws/install/usb_cam/share/usb_cam/hook/ld_library_path_lib.dsv'
[17.352s] INFO:colcon.colcon_core.shell:Creating environment hook '/home/pixbus/pix/robobus/HMI/web_video_ws/install/usb_cam/share/usb_cam/hook/ld_library_path_lib.sh'
[17.352s] Level 1:colcon.colcon_core.environment:checking '/home/pixbus/pix/robobus/HMI/web_video_ws/install/usb_cam/bin'
[17.352s] Level 1:colcon.colcon_core.environment:checking '/home/pixbus/pix/robobus/HMI/web_video_ws/install/usb_cam/lib/pkgconfig/usb_cam.pc'
[17.352s] Level 1:colcon.colcon_core.environment:checking '/home/pixbus/pix/robobus/HMI/web_video_ws/install/usb_cam/lib/python3.10/site-packages'
[17.353s] Level 1:colcon.colcon_core.environment:checking '/home/pixbus/pix/robobus/HMI/web_video_ws/install/usb_cam/bin'
[17.353s] INFO:colcon.colcon_core.shell:Creating package script '/home/pixbus/pix/robobus/HMI/web_video_ws/install/usb_cam/share/usb_cam/package.ps1'
[17.353s] INFO:colcon.colcon_core.shell:Creating package descriptor '/home/pixbus/pix/robobus/HMI/web_video_ws/install/usb_cam/share/usb_cam/package.dsv'
[17.354s] INFO:colcon.colcon_core.shell:Creating package script '/home/pixbus/pix/robobus/HMI/web_video_ws/install/usb_cam/share/usb_cam/package.sh'
[17.354s] INFO:colcon.colcon_core.shell:Creating package script '/home/pixbus/pix/robobus/HMI/web_video_ws/install/usb_cam/share/usb_cam/package.bash'
[17.355s] INFO:colcon.colcon_core.shell:Creating package script '/home/pixbus/pix/robobus/HMI/web_video_ws/install/usb_cam/share/usb_cam/package.zsh'
[17.355s] Level 1:colcon.colcon_core.environment:create_file_with_runtime_dependencies(/home/pixbus/pix/robobus/HMI/web_video_ws/install/usb_cam/share/colcon-core/packages/usb_cam)
[17.355s] DEBUG:colcon.colcon_parallel_executor.executor.parallel:closing loop
[17.355s] DEBUG:colcon.colcon_parallel_executor.executor.parallel:loop closed
[17.356s] DEBUG:colcon.colcon_parallel_executor.executor.parallel:run_until_complete finished with '0'
[17.356s] DEBUG:colcon.colcon_core.event_reactor:joining thread
[17.361s] INFO:colcon.colcon_core.plugin_system:Skipping extension 'colcon_notification.desktop_notification.terminal_notifier': Not used on non-Darwin systems
[17.361s] INFO:colcon.colcon_core.plugin_system:Skipping extension 'colcon_notification.desktop_notification.win32': Not used on non-Windows systems
[17.361s] INFO:colcon.colcon_notification.desktop_notification:Sending desktop notification using 'notify2'
[17.371s] DEBUG:colcon.colcon_core.event_reactor:joined thread
[17.371s] INFO:colcon.colcon_core.shell:Creating prefix script '/home/pixbus/pix/robobus/HMI/web_video_ws/install/local_setup.ps1'
[17.372s] INFO:colcon.colcon_core.shell:Creating prefix util module '/home/pixbus/pix/robobus/HMI/web_video_ws/install/_local_setup_util_ps1.py'
[17.374s] INFO:colcon.colcon_core.shell:Creating prefix chain script '/home/pixbus/pix/robobus/HMI/web_video_ws/install/setup.ps1'
[17.375s] INFO:colcon.colcon_core.shell:Creating prefix script '/home/pixbus/pix/robobus/HMI/web_video_ws/install/local_setup.sh'
[17.375s] INFO:colcon.colcon_core.shell:Creating prefix util module '/home/pixbus/pix/robobus/HMI/web_video_ws/install/_local_setup_util_sh.py'
[17.375s] INFO:colcon.colcon_core.shell:Creating prefix chain script '/home/pixbus/pix/robobus/HMI/web_video_ws/install/setup.sh'
[17.377s] INFO:colcon.colcon_core.shell:Creating prefix script '/home/pixbus/pix/robobus/HMI/web_video_ws/install/local_setup.bash'
[17.377s] INFO:colcon.colcon_core.shell:Creating prefix chain script '/home/pixbus/pix/robobus/HMI/web_video_ws/install/setup.bash'
[17.378s] INFO:colcon.colcon_core.shell:Creating prefix script '/home/pixbus/pix/robobus/HMI/web_video_ws/install/local_setup.zsh'
[17.378s] INFO:colcon.colcon_core.shell:Creating prefix chain script '/home/pixbus/pix/robobus/HMI/web_video_ws/install/setup.zsh'
