[0.404s] Invoking command in '/home/pixbus/pix/robobus/HMI/web_video_ws/build/web_video_server': CMAKE_PREFIX_PATH=${CMAKE_PREFIX_PATH}:/opt/ros/humble /usr/bin/cmake /home/pixbus/pix/robobus/HMI/web_video_ws/src/web_video_server_ros2 -DCMAKE_BUILD_TYPE=Release -DAMENT_CMAKE_SYMLINK_INSTALL=1 -DCMAKE_INSTALL_PREFIX=/home/pixbus/pix/robobus/HMI/web_video_ws/install/web_video_server
[0.460s] -- The C compiler identification is GNU 11.4.0
[0.521s] -- The CXX compiler identification is GNU 11.4.0
[0.530s] -- Detecting C compiler ABI info
[0.588s] -- Detecting C compiler ABI info - done
[0.596s] -- Check for working C compiler: /usr/lib/ccache/gcc - skipped
[0.599s] -- Detecting C compile features
[0.599s] -- Detecting C compile features - done
[0.602s] -- Detecting CXX compiler ABI info
[0.671s] -- Detecting CXX compiler ABI info - done
[0.679s] -- Check for working CXX compiler: /usr/lib/ccache/g++ - skipped
[0.679s] -- Detecting CXX compile features
[0.680s] -- Detecting CXX compile features - done
[0.682s] -- Found ament_cmake_ros: 0.10.0 (/opt/ros/humble/share/ament_cmake_ros/cmake)
[0.851s] -- Found Python3: /usr/bin/python3 (found version "3.10.12") found components: Interpreter 
[0.916s] -- Override CMake install command with custom implementation using symlinks instead of copying resources
[0.947s] -- Found async_web_server_cpp: 2.0.0 (/opt/ros/humble/share/async_web_server_cpp/cmake)
[1.101s] -- Found Boost: /usr/lib/x86_64-linux-gnu/cmake/Boost-1.74.0/BoostConfig.cmake (found suitable version "1.74.0", minimum required is "1.74.0") found components: filesystem regex thread 
[1.105s] -- Found cv_bridge: 3.2.1 (/opt/ros/humble/share/cv_bridge/cmake)
[1.157s] -- Found rosidl_generator_c: 3.1.5 (/opt/ros/humble/share/rosidl_generator_c/cmake)
[1.163s] -- Found rosidl_adapter: 3.1.5 (/opt/ros/humble/share/rosidl_adapter/cmake)
[1.172s] -- Found rosidl_generator_cpp: 3.1.5 (/opt/ros/humble/share/rosidl_generator_cpp/cmake)
[1.187s] -- Using all available rosidl_typesupport_c: rosidl_typesupport_fastrtps_c;rosidl_typesupport_introspection_c
[1.208s] -- Using all available rosidl_typesupport_cpp: rosidl_typesupport_fastrtps_cpp;rosidl_typesupport_introspection_cpp
[1.467s] -- Found image_transport: 3.1.9 (/opt/ros/humble/share/image_transport/cmake)
[1.538s] -- Found rmw_implementation_cmake: 6.1.2 (/opt/ros/humble/share/rmw_implementation_cmake/cmake)
[1.541s] -- Found rmw_cyclonedds_cpp: 1.3.4 (/opt/ros/humble/share/rmw_cyclonedds_cpp/cmake)
[1.576s] -- Using RMW implementation 'rmw_cyclonedds_cpp' as default
[1.587s] -- Found Threads: TRUE  
[1.800s] -- Found OpenCV: /usr (found version "4.5.4") 
[1.803s] -- Found Boost: /usr/lib/x86_64-linux-gnu/cmake/Boost-1.74.0/BoostConfig.cmake (found version "1.74.0") found components: thread 
[1.809s] -- Found PkgConfig: /usr/bin/pkg-config (found version "0.29.2") 
[1.809s] -- Checking for module 'libavcodec'
[1.823s] --   Found libavcodec, version 58.134.100
[1.856s] -- Checking for module 'libavformat'
[1.869s] --   Found libavformat, version 58.76.100
[1.902s] -- Checking for module 'libavutil'
[1.916s] --   Found libavutil, version 56.70.100
[1.946s] -- Checking for module 'libswscale'
[1.959s] --   Found libswscale, version 5.9.100
[2.062s] -- Configuring done
[2.085s] -- Generating done
[2.091s] -- Build files have been written to: /home/pixbus/pix/robobus/HMI/web_video_ws/build/web_video_server
[2.118s] Invoked command in '/home/pixbus/pix/robobus/HMI/web_video_ws/build/web_video_server' returned '0': CMAKE_PREFIX_PATH=${CMAKE_PREFIX_PATH}:/opt/ros/humble /usr/bin/cmake /home/pixbus/pix/robobus/HMI/web_video_ws/src/web_video_server_ros2 -DCMAKE_BUILD_TYPE=Release -DAMENT_CMAKE_SYMLINK_INSTALL=1 -DCMAKE_INSTALL_PREFIX=/home/pixbus/pix/robobus/HMI/web_video_ws/install/web_video_server
[2.119s] Invoking command in '/home/pixbus/pix/robobus/HMI/web_video_ws/build/web_video_server': CMAKE_PREFIX_PATH=${CMAKE_PREFIX_PATH}:/opt/ros/humble /usr/bin/cmake --build /home/pixbus/pix/robobus/HMI/web_video_ws/build/web_video_server -- -j16 -l16
[2.199s] [ 18%] [32mBuilding CXX object CMakeFiles/web_video_server.dir/src/vp9_streamer.cpp.o[0m
[2.200s] [ 18%] [32mBuilding CXX object CMakeFiles/web_video_server.dir/src/vp8_streamer.cpp.o[0m
[2.200s] [ 27%] [32mBuilding CXX object CMakeFiles/web_video_server.dir/src/image_streamer.cpp.o[0m
[2.201s] [ 45%] [32mBuilding CXX object CMakeFiles/web_video_server.dir/src/multipart_stream.cpp.o[0m
[2.201s] [ 54%] [32mBuilding CXX object CMakeFiles/web_video_server.dir/src/libav_streamer.cpp.o[0m
[2.201s] [ 54%] [32mBuilding CXX object CMakeFiles/web_video_server.dir/src/web_video_server.cpp.o[0m
[2.202s] [ 63%] [32mBuilding CXX object CMakeFiles/web_video_server.dir/src/h264_streamer.cpp.o[0m
[2.203s] [ 72%] [32mBuilding CXX object CMakeFiles/web_video_server.dir/src/ros_compressed_streamer.cpp.o[0m
[2.203s] [ 81%] [32mBuilding CXX object CMakeFiles/web_video_server.dir/src/png_streamers.cpp.o[0m
[2.204s] [ 90%] [32mBuilding CXX object CMakeFiles/web_video_server.dir/src/jpeg_streamers.cpp.o[0m
[2.261s] [100%] [32m[1mLinking CXX executable web_video_server[0m
[2.900s] [100%] Built target web_video_server
[2.913s] Invoked command in '/home/pixbus/pix/robobus/HMI/web_video_ws/build/web_video_server' returned '0': CMAKE_PREFIX_PATH=${CMAKE_PREFIX_PATH}:/opt/ros/humble /usr/bin/cmake --build /home/pixbus/pix/robobus/HMI/web_video_ws/build/web_video_server -- -j16 -l16
[2.973s] Invoking command in '/home/pixbus/pix/robobus/HMI/web_video_ws/build/web_video_server': CMAKE_PREFIX_PATH=${CMAKE_PREFIX_PATH}:/opt/ros/humble /usr/bin/cmake --install /home/pixbus/pix/robobus/HMI/web_video_ws/build/web_video_server
[2.981s] -- Install configuration: "Release"
[2.981s] -- Execute custom install script
[2.982s] -- Symlinking: /home/pixbus/pix/robobus/HMI/web_video_ws/install/web_video_server/lib/web_video_server/web_video_server
[2.992s] -- Symlinking: /home/pixbus/pix/robobus/HMI/web_video_ws/install/web_video_server/share/web_video_server//launch/web_video_server_launch.py
[3.003s] -- Symlinking: /home/pixbus/pix/robobus/HMI/web_video_ws/install/web_video_server/share/ament_index/resource_index/package_run_dependencies/web_video_server
[3.013s] -- Symlinking: /home/pixbus/pix/robobus/HMI/web_video_ws/install/web_video_server/share/ament_index/resource_index/parent_prefix_path/web_video_server
[3.023s] -- Symlinking: /home/pixbus/pix/robobus/HMI/web_video_ws/install/web_video_server/share/web_video_server/environment/ament_prefix_path.sh
[3.033s] -- Symlinking: /home/pixbus/pix/robobus/HMI/web_video_ws/install/web_video_server/share/web_video_server/environment/ament_prefix_path.dsv
[3.045s] -- Symlinking: /home/pixbus/pix/robobus/HMI/web_video_ws/install/web_video_server/share/web_video_server/environment/path.sh
[3.058s] -- Symlinking: /home/pixbus/pix/robobus/HMI/web_video_ws/install/web_video_server/share/web_video_server/environment/path.dsv
[3.072s] -- Symlinking: /home/pixbus/pix/robobus/HMI/web_video_ws/install/web_video_server/share/web_video_server/local_setup.bash
[3.085s] -- Symlinking: /home/pixbus/pix/robobus/HMI/web_video_ws/install/web_video_server/share/web_video_server/local_setup.sh
[3.099s] -- Symlinking: /home/pixbus/pix/robobus/HMI/web_video_ws/install/web_video_server/share/web_video_server/local_setup.zsh
[3.111s] -- Symlinking: /home/pixbus/pix/robobus/HMI/web_video_ws/install/web_video_server/share/web_video_server/local_setup.dsv
[3.123s] -- Symlinking: /home/pixbus/pix/robobus/HMI/web_video_ws/install/web_video_server/share/web_video_server/package.dsv
[3.135s] -- Symlinking: /home/pixbus/pix/robobus/HMI/web_video_ws/install/web_video_server/share/ament_index/resource_index/packages/web_video_server
[3.146s] -- Symlinking: /home/pixbus/pix/robobus/HMI/web_video_ws/install/web_video_server/share/web_video_server/cmake/web_video_serverConfig.cmake
[3.157s] -- Symlinking: /home/pixbus/pix/robobus/HMI/web_video_ws/install/web_video_server/share/web_video_server/cmake/web_video_serverConfig-version.cmake
[3.172s] -- Symlinking: /home/pixbus/pix/robobus/HMI/web_video_ws/install/web_video_server/share/web_video_server/package.xml
[3.182s] -- Installing: /home/pixbus/pix/robobus/HMI/web_video_ws/install/web_video_server/include/web_video_server
[3.182s] -- Installing: /home/pixbus/pix/robobus/HMI/web_video_ws/install/web_video_server/include/web_video_server/vp9_streamer.h
[3.182s] -- Installing: /home/pixbus/pix/robobus/HMI/web_video_ws/install/web_video_server/include/web_video_server/jpeg_streamers.h
[3.183s] -- Installing: /home/pixbus/pix/robobus/HMI/web_video_ws/install/web_video_server/include/web_video_server/image_streamer.h
[3.183s] -- Installing: /home/pixbus/pix/robobus/HMI/web_video_ws/install/web_video_server/include/web_video_server/multipart_stream.h
[3.183s] -- Installing: /home/pixbus/pix/robobus/HMI/web_video_ws/install/web_video_server/include/web_video_server/h264_streamer.h
[3.183s] -- Installing: /home/pixbus/pix/robobus/HMI/web_video_ws/install/web_video_server/include/web_video_server/ros_compressed_streamer.h
[3.183s] -- Installing: /home/pixbus/pix/robobus/HMI/web_video_ws/install/web_video_server/include/web_video_server/vp8_streamer.h
[3.183s] -- Installing: /home/pixbus/pix/robobus/HMI/web_video_ws/install/web_video_server/include/web_video_server/png_streamers.h
[3.184s] -- Installing: /home/pixbus/pix/robobus/HMI/web_video_ws/install/web_video_server/include/web_video_server/web_video_server.h
[3.184s] -- Installing: /home/pixbus/pix/robobus/HMI/web_video_ws/install/web_video_server/include/web_video_server/libav_streamer.h
[3.188s] Invoked command in '/home/pixbus/pix/robobus/HMI/web_video_ws/build/web_video_server' returned '0': CMAKE_PREFIX_PATH=${CMAKE_PREFIX_PATH}:/opt/ros/humble /usr/bin/cmake --install /home/pixbus/pix/robobus/HMI/web_video_ws/build/web_video_server
